# JRE version: Java(TM) SE Runtime Environment (21.0.9+7) (build 21.0.9+7-LTS-338)
# Java VM: Java HotSpot(TM) 64-Bit Server VM (21.0.9+7-LTS-338, mixed mode, sharing, tiered, compressed oops, compressed class ptrs, g1 gc, windows-amd64)
GC Precious Log:
 CardTable entry size: 512
 Card Set container configuration: InlinePtr #cards 4 size 8 Array Of Cards #cards 16 size 48 Howl #buckets 8 coarsen threshold 3686 Howl Bitmap #cards 512 size 80 coarsen threshold 460 Card regions per heap region 1 cards per card region 4096
 CPUs: 16 total, 16 available
 Memory: 16088M
 Large Page Support: Disabled
 NUMA Support: Disabled
 Compressed Oops: Enabled (Zero based)
 Heap Region Size: 2M
 Heap Min Capacity: 8M
 Heap Initial Capacity: 252M
 Heap Max Capacity: 4024M
 Pre-touch: Disabled
 Parallel Workers: 13
 Concurrent Workers: 3
 Concurrent Refinement Workers: 13
 Periodic GC: Disabled
Heap:
 garbage-first heap   total 311296K, used 83118K [0x0000000704800000, 0x0000000800000000)
  region size 2048K, 11 young (22528K), 7 survivors (14336K)
 Metaspace       used 9940K, committed 10112K, reserved 1114112K
  class space    used 531K, committed 640K, reserved 1048576K
GC Heap History (12 events):
Event: 0.334 GC heap before
{Heap before GC invocations=0 (full 0):
 garbage-first heap   total 258048K, used 22528K [0x0000000704800000, 0x0000000800000000)
  region size 2048K, 11 young (22528K), 0 survivors (0K)
 Metaspace       used 2012K, committed 2112K, reserved 1114112K
  class space    used 151K, committed 192K, reserved 1048576K
}
Event: 0.338 GC heap after
{Heap after GC invocations=1 (full 0):
 garbage-first heap   total 258048K, used 5661K [0x0000000704800000, 0x0000000800000000)
  region size 2048K, 2 young (4096K), 2 survivors (4096K)
 Metaspace       used 2012K, committed 2112K, reserved 1114112K
  class space    used 151K, committed 192K, reserved 1048576K
}
Event: 0.592 GC heap before
{Heap before GC invocations=1 (full 0):
 garbage-first heap   total 258048K, used 38429K [0x0000000704800000, 0x0000000800000000)
  region size 2048K, 16 young (32768K), 2 survivors (4096K)
 Metaspace       used 6754K, committed 6976K, reserved 1114112K
  class space    used 186K, committed 320K, reserved 1048576K
}
Event: 0.595 GC heap after
{Heap after GC invocations=2 (full 0):
 garbage-first heap   total 258048K, used 6196K [0x0000000704800000, 0x0000000800000000)
  region size 2048K, 1 young (2048K), 1 survivors (2048K)
 Metaspace       used 6754K, committed 6976K, reserved 1114112K
  class space    used 186K, committed 320K, reserved 1048576K
}
Event: 1.855 GC heap before
{Heap before GC invocations=2 (full 0):
 garbage-first heap   total 258048K, used 161844K [0x0000000704800000, 0x0000000800000000)
  region size 2048K, 75 young (153600K), 1 survivors (2048K)
 Metaspace       used 9669K, committed 9856K, reserved 1114112K
  class space    used 505K, committed 640K, reserved 1048576K
}
Event: 1.873 GC heap after
{Heap after GC invocations=3 (full 0):
 garbage-first heap   total 258048K, used 19815K [0x0000000704800000, 0x0000000800000000)
  region size 2048K, 7 young (14336K), 7 survivors (14336K)
 Metaspace       used 9669K, committed 9856K, reserved 1114112K
  class space    used 505K, committed 640K, reserved 1048576K
}
Event: 3.600 GC heap before
{Heap before GC invocations=3 (full 0):
 garbage-first heap   total 258048K, used 177511K [0x0000000704800000, 0x0000000800000000)
  region size 2048K, 75 young (153600K), 7 survivors (14336K)
 Metaspace       used 9696K, committed 9920K, reserved 1114112K
  class space    used 505K, committed 640K, reserved 1048576K
}
Event: 3.628 GC heap after
{Heap after GC invocations=4 (full 0):
 garbage-first heap   total 258048K, used 54738K [0x0000000704800000, 0x0000000800000000)
  region size 2048K, 10 young (20480K), 10 survivors (20480K)
 Metaspace       used 9696K, committed 9920K, reserved 1114112K
  class space    used 505K, committed 640K, reserved 1048576K
}
Event: 5.022 GC heap before
{Heap before GC invocations=4 (full 0):
 garbage-first heap   total 258048K, used 183762K [0x0000000704800000, 0x0000000800000000)
  region size 2048K, 66 young (135168K), 10 survivors (20480K)
 Metaspace       used 9696K, committed 9920K, reserved 1114112K
  class space    used 505K, committed 640K, reserved 1048576K
}
Event: 5.045 GC heap after
{Heap after GC invocations=5 (full 0):
 garbage-first heap   total 258048K, used 75776K [0x0000000704800000, 0x0000000800000000)
  region size 2048K, 9 young (18432K), 9 survivors (18432K)
 Metaspace       used 9696K, committed 9920K, reserved 1114112K
  class space    used 505K, committed 640K, reserved 1048576K
}
Event: 14.722 GC heap before
{Heap before GC invocations=5 (full 0):
 garbage-first heap   total 258048K, used 190464K [0x0000000704800000, 0x0000000800000000)
  region size 2048K, 63 young (129024K), 9 survivors (18432K)
 Metaspace       used 9912K, committed 10112K, reserved 1114112K
  class space    used 527K, committed 640K, reserved 1048576K
}
Event: 14.736 GC heap after
{Heap after GC invocations=6 (full 0):
 garbage-first heap   total 311296K, used 76974K [0x0000000704800000, 0x0000000800000000)
  region size 2048K, 7 young (14336K), 7 survivors (14336K)
 Metaspace       used 9912K, committed 10112K, reserved 1114112K
  class space    used 527K, committed 640K, reserved 1048576K
}

