# JRE version: Java(TM) SE Runtime Environment (21.0.9+7) (build 21.0.9+7-LTS-338)
# Java VM: Java HotSpot(TM) 64-Bit Server VM (21.0.9+7-LTS-338, mixed mode, sharing, tiered, compressed oops, compressed class ptrs, g1 gc, windows-amd64)
GC Precious Log:
 CardTable entry size: 512
 Card Set container configuration: InlinePtr #cards 4 size 8 Array Of Cards #cards 16 size 48 Howl #buckets 8 coarsen threshold 3686 Howl Bitmap #cards 512 size 80 coarsen threshold 460 Card regions per heap region 1 cards per card region 4096
 CPUs: 16 total, 16 available
 Memory: 16088M
 Large Page Support: Disabled
 NUMA Support: Disabled
 Compressed Oops: Enabled (Zero based)
 Heap Region Size: 2M
 Heap Min Capacity: 8M
 Heap Initial Capacity: 252M
 Heap Max Capacity: 4024M
 Pre-touch: Disabled
 Parallel Workers: 13
 Concurrent Workers: 3
 Concurrent Refinement Workers: 13
 Periodic GC: Disabled
Heap:
 garbage-first heap   total 258048K, used 181115K [0x0000000704800000, 0x0000000800000000)
  region size 2048K, 51 young (104448K), 8 survivors (16384K)
 Metaspace       used 9971K, committed 10176K, reserved 1114112K
  class space    used 534K, committed 640K, reserved 1048576K
GC Heap History (14 events):
Event: 0.526 GC heap before
{Heap before GC invocations=0 (full 0):
 garbage-first heap   total 258048K, used 22528K [0x0000000704800000, 0x0000000800000000)
  region size 2048K, 11 young (22528K), 0 survivors (0K)
 Metaspace       used 2020K, committed 2112K, reserved 1114112K
  class space    used 151K, committed 192K, reserved 1048576K
}
Event: 0.530 GC heap after
{Heap after GC invocations=1 (full 0):
 garbage-first heap   total 258048K, used 5679K [0x0000000704800000, 0x0000000800000000)
  region size 2048K, 2 young (4096K), 2 survivors (4096K)
 Metaspace       used 2020K, committed 2112K, reserved 1114112K
  class space    used 151K, committed 192K, reserved 1048576K
}
Event: 0.901 GC heap before
{Heap before GC invocations=1 (full 0):
 garbage-first heap   total 258048K, used 42543K [0x0000000704800000, 0x0000000800000000)
  region size 2048K, 18 young (36864K), 2 survivors (4096K)
 Metaspace       used 6762K, committed 6976K, reserved 1114112K
  class space    used 186K, committed 320K, reserved 1048576K
}
Event: 0.904 GC heap after
{Heap after GC invocations=2 (full 0):
 garbage-first heap   total 258048K, used 6120K [0x0000000704800000, 0x0000000800000000)
  region size 2048K, 1 young (2048K), 1 survivors (2048K)
 Metaspace       used 6762K, committed 6976K, reserved 1114112K
  class space    used 186K, committed 320K, reserved 1048576K
}
Event: 2.523 GC heap before
{Heap before GC invocations=2 (full 0):
 garbage-first heap   total 258048K, used 155624K [0x0000000704800000, 0x0000000800000000)
  region size 2048K, 75 young (153600K), 1 survivors (2048K)
 Metaspace       used 9669K, committed 9856K, reserved 1114112K
  class space    used 505K, committed 640K, reserved 1048576K
}
Event: 2.554 GC heap after
{Heap after GC invocations=3 (full 0):
 garbage-first heap   total 258048K, used 20847K [0x0000000704800000, 0x0000000800000000)
  region size 2048K, 8 young (16384K), 8 survivors (16384K)
 Metaspace       used 9669K, committed 9856K, reserved 1114112K
  class space    used 505K, committed 640K, reserved 1048576K
}
Event: 4.450 GC heap before
{Heap before GC invocations=3 (full 0):
 garbage-first heap   total 258048K, used 174447K [0x0000000704800000, 0x0000000800000000)
  region size 2048K, 75 young (153600K), 8 survivors (16384K)
 Metaspace       used 9702K, committed 9920K, reserved 1114112K
  class space    used 505K, committed 640K, reserved 1048576K
}
Event: 4.470 GC heap after
{Heap after GC invocations=4 (full 0):
 garbage-first heap   total 258048K, used 46898K [0x0000000704800000, 0x0000000800000000)
  region size 2048K, 10 young (20480K), 10 survivors (20480K)
 Metaspace       used 9702K, committed 9920K, reserved 1114112K
  class space    used 505K, committed 640K, reserved 1048576K
}
Event: 7.041 GC heap before
{Heap before GC invocations=4 (full 0):
 garbage-first heap   total 258048K, used 196402K [0x0000000704800000, 0x0000000800000000)
  region size 2048K, 75 young (153600K), 10 survivors (20480K)
 Metaspace       used 9702K, committed 9920K, reserved 1114112K
  class space    used 505K, committed 640K, reserved 1048576K
}
Event: 7.122 GC heap after
{Heap after GC invocations=5 (full 0):
 garbage-first heap   total 258048K, used 69632K [0x0000000704800000, 0x0000000800000000)
  region size 2048K, 10 young (20480K), 10 survivors (20480K)
 Metaspace       used 9702K, committed 9920K, reserved 1114112K
  class space    used 505K, committed 640K, reserved 1048576K
}
Event: 10.510 GC heap before
{Heap before GC invocations=5 (full 0):
 garbage-first heap   total 258048K, used 200704K [0x0000000704800000, 0x0000000800000000)
  region size 2048K, 66 young (135168K), 10 survivors (20480K)
 Metaspace       used 9704K, committed 9920K, reserved 1114112K
  class space    used 505K, committed 640K, reserved 1048576K
}
Event: 10.538 GC heap after
{Heap after GC invocations=6 (full 0):
 garbage-first heap   total 258048K, used 90112K [0x0000000704800000, 0x0000000800000000)
  region size 2048K, 9 young (18432K), 9 survivors (18432K)
 Metaspace       used 9704K, committed 9920K, reserved 1114112K
  class space    used 505K, committed 640K, reserved 1048576K
}
Event: 18.935 GC heap before
{Heap before GC invocations=6 (full 0):
 garbage-first heap   total 258048K, used 194560K [0x0000000704800000, 0x0000000800000000)
  region size 2048K, 58 young (118784K), 9 survivors (18432K)
 Metaspace       used 9921K, committed 10112K, reserved 1114112K
  class space    used 527K, committed 640K, reserved 1048576K
}
Event: 18.952 GC heap after
{Heap after GC invocations=7 (full 0):
 garbage-first heap   total 258048K, used 95099K [0x0000000704800000, 0x0000000800000000)
  region size 2048K, 8 young (16384K), 8 survivors (16384K)
 Metaspace       used 9921K, committed 10112K, reserved 1114112K
  class space    used 527K, committed 640K, reserved 1048576K
}

