# JRE version: Java(TM) SE Runtime Environment (21.0.9+7) (build 21.0.9+7-LTS-338)
# Java VM: Java HotSpot(TM) 64-Bit Server VM (21.0.9+7-LTS-338, mixed mode, sharing, tiered, compressed oops, compressed class ptrs, g1 gc, windows-amd64)
GC Precious Log:
 CardTable entry size: 512
 Card Set container configuration: InlinePtr #cards 4 size 8 Array Of Cards #cards 16 size 48 Howl #buckets 8 coarsen threshold 3686 Howl Bitmap #cards 512 size 80 coarsen threshold 460 Card regions per heap region 1 cards per card region 4096
 CPUs: 16 total, 16 available
 Memory: 16088M
 Large Page Support: Disabled
 NUMA Support: Disabled
 Compressed Oops: Enabled (Zero based)
 Heap Region Size: 2M
 Heap Min Capacity: 8M
 Heap Initial Capacity: 252M
 Heap Max Capacity: 4024M
 Pre-touch: Disabled
 Parallel Workers: 13
 Concurrent Workers: 3
 Concurrent Refinement Workers: 13
 Periodic GC: Disabled
Heap:
 garbage-first heap   total 311296K, used 154150K [0x0000000704800000, 0x0000000800000000)
  region size 2048K, 40 young (81920K), 8 survivors (16384K)
 Metaspace       used 9966K, committed 10176K, reserved 1114112K
  class space    used 535K, committed 640K, reserved 1048576K
GC Heap History (14 events):
Event: 0.338 GC heap before
{Heap before GC invocations=0 (full 0):
 garbage-first heap   total 258048K, used 20480K [0x0000000704800000, 0x0000000800000000)
  region size 2048K, 11 young (22528K), 0 survivors (0K)
 Metaspace       used 2012K, committed 2112K, reserved 1114112K
  class space    used 151K, committed 192K, reserved 1048576K
}
Event: 0.341 GC heap after
{Heap after GC invocations=1 (full 0):
 garbage-first heap   total 258048K, used 5685K [0x0000000704800000, 0x0000000800000000)
  region size 2048K, 2 young (4096K), 2 survivors (4096K)
 Metaspace       used 2012K, committed 2112K, reserved 1114112K
  class space    used 151K, committed 192K, reserved 1048576K
}
Event: 0.607 GC heap before
{Heap before GC invocations=1 (full 0):
 garbage-first heap   total 258048K, used 42549K [0x0000000704800000, 0x0000000800000000)
  region size 2048K, 18 young (36864K), 2 survivors (4096K)
 Metaspace       used 6757K, committed 6976K, reserved 1114112K
  class space    used 186K, committed 320K, reserved 1048576K
}
Event: 0.610 GC heap after
{Heap after GC invocations=2 (full 0):
 garbage-first heap   total 258048K, used 6199K [0x0000000704800000, 0x0000000800000000)
  region size 2048K, 1 young (2048K), 1 survivors (2048K)
 Metaspace       used 6757K, committed 6976K, reserved 1114112K
  class space    used 186K, committed 320K, reserved 1048576K
}
Event: 1.977 GC heap before
{Heap before GC invocations=2 (full 0):
 garbage-first heap   total 258048K, used 159799K [0x0000000704800000, 0x0000000800000000)
  region size 2048K, 75 young (153600K), 1 survivors (2048K)
 Metaspace       used 9668K, committed 9856K, reserved 1114112K
  class space    used 505K, committed 640K, reserved 1048576K
}
Event: 1.999 GC heap after
{Heap after GC invocations=3 (full 0):
 garbage-first heap   total 258048K, used 19147K [0x0000000704800000, 0x0000000800000000)
  region size 2048K, 7 young (14336K), 7 survivors (14336K)
 Metaspace       used 9668K, committed 9856K, reserved 1114112K
  class space    used 505K, committed 640K, reserved 1048576K
}
Event: 3.968 GC heap before
{Heap before GC invocations=3 (full 0):
 garbage-first heap   total 258048K, used 166603K [0x0000000704800000, 0x0000000800000000)
  region size 2048K, 75 young (153600K), 7 survivors (14336K)
 Metaspace       used 9695K, committed 9920K, reserved 1114112K
  class space    used 505K, committed 640K, reserved 1048576K
}
Event: 3.996 GC heap after
{Heap after GC invocations=4 (full 0):
 garbage-first heap   total 258048K, used 49033K [0x0000000704800000, 0x0000000800000000)
  region size 2048K, 10 young (20480K), 10 survivors (20480K)
 Metaspace       used 9695K, committed 9920K, reserved 1114112K
  class space    used 505K, committed 640K, reserved 1048576K
}
Event: 5.891 GC heap before
{Heap before GC invocations=4 (full 0):
 garbage-first heap   total 258048K, used 188297K [0x0000000704800000, 0x0000000800000000)
  region size 2048K, 75 young (153600K), 10 survivors (20480K)
 Metaspace       used 9696K, committed 9920K, reserved 1114112K
  class space    used 505K, committed 640K, reserved 1048576K
}
Event: 5.920 GC heap after
{Heap after GC invocations=5 (full 0):
 garbage-first heap   total 258048K, used 65536K [0x0000000704800000, 0x0000000800000000)
  region size 2048K, 10 young (20480K), 10 survivors (20480K)
 Metaspace       used 9696K, committed 9920K, reserved 1114112K
  class space    used 505K, committed 640K, reserved 1048576K
}
Event: 7.688 GC heap before
{Heap before GC invocations=5 (full 0):
 garbage-first heap   total 258048K, used 194560K [0x0000000704800000, 0x0000000800000000)
  region size 2048K, 70 young (143360K), 10 survivors (20480K)
 Metaspace       used 9696K, committed 9920K, reserved 1114112K
  class space    used 505K, committed 640K, reserved 1048576K
}
Event: 7.712 GC heap after
{Heap after GC invocations=6 (full 0):
 garbage-first heap   total 258048K, used 82944K [0x0000000704800000, 0x0000000800000000)
  region size 2048K, 9 young (18432K), 9 survivors (18432K)
 Metaspace       used 9696K, committed 9920K, reserved 1114112K
  class space    used 505K, committed 640K, reserved 1048576K
}
Event: 13.273 GC heap before
{Heap before GC invocations=6 (full 0):
 garbage-first heap   total 258048K, used 195584K [0x0000000704800000, 0x0000000800000000)
  region size 2048K, 62 young (126976K), 9 survivors (18432K)
 Metaspace       used 9913K, committed 10112K, reserved 1114112K
  class space    used 527K, committed 640K, reserved 1048576K
}
Event: 13.296 GC heap after
{Heap after GC invocations=7 (full 0):
 garbage-first heap   total 311296K, used 90662K [0x0000000704800000, 0x0000000800000000)
  region size 2048K, 8 young (16384K), 8 survivors (16384K)
 Metaspace       used 9913K, committed 10112K, reserved 1114112K
  class space    used 527K, committed 640K, reserved 1048576K
}

